(0, 1)
(1, 5)
(5, 6)
(5, 4)
(1, 2)
(2, 3)
(2, 7)
(3, 8)
max_value 0.0
max_value 0.0
Score: 0
max_value 0.0
Score: 0
max_value 0.0
Score: 0
max_value 0.0
Score: 0
max_value 0.0
Score: 0
max_value 0.0
Score: 0
max_value 0.0
Score: 0
max_value 0.0
Score: 0
max_value 0.0
Score: 0
max_value 0.0
Score: 0
max_value 0.0
Score: 0
max_value 0.0
Score: 0
max_value 0.0
Score: 0
max_value 0.0
Score: 0
max_value 0.0
Score: 0
max_value 100.0
Score: 100.0
max_value 0.0
Score: 100.0
max_value 80.0
Score: 180.0
max_value 0.0
Score: 180.0
max_value 0.0
Score: 180.0
max_value 0.0
Score: 180.0
max_value 0.0
Score: 180.0
max_value 0.0
Score: 180.0
max_value 80.0
Score: 180.0
max_value 0.0
Score: 180.0
max_value 0.0
Score: 180.0
max_value 0.0
Score: 180.0
max_value 0.0
Score: 180.0
max_value 80.0
Score: 180.0
max_value 0.0
Score: 180.0
max_value 0.0
Score: 180.0
max_value 164.0
Score: 148.78048780487805
max_value 0.0
Score: 148.78048780487805
max_value 0.0
Score: 148.78048780487805
max_value 0.0
Score: 148.78048780487805
max_value 0.0
Score: 148.78048780487805
max_value 0.0
Score: 148.78048780487805
max_value 0.0
Score: 148.78048780487805
max_value 0.0
Score: 148.78048780487805
max_value 131.20000000000002
Score: 180.0
max_value 131.20000000000002
Score: 260.0
max_value 0.0
Score: 260.0
max_value 0.0
Score: 260.0
max_value 104.96000000000002
Score: 324.0
max_value 0.0
Score: 324.0
max_value 0.0
Score: 324.0
max_value 0.0
Score: 324.0
max_value 131.20000000000002
Score: 324.0
max_value 0.0
Score: 324.0
max_value 104.96000000000002
Score: 324.0
max_value 0.0
Score: 324.0
max_value 0.0
Score: 324.0
max_value 0.0
Score: 324.0
max_value 131.20000000000002
Score: 324.0
max_value 131.20000000000002
Score: 324.0
max_value 0.0
Score: 324.0
max_value 83.96800000000002
Score: 375.20000000000005
max_value 131.20000000000002
Score: 375.20000000000005
max_value 0.0
Score: 375.20000000000005
max_value 0.0
Score: 375.20000000000005
max_value 0.0
Score: 375.20000000000005
max_value 83.96800000000002
Score: 375.20000000000005
max_value 0.0
Score: 375.20000000000005
max_value 104.96000000000002
Score: 375.20000000000005
max_value 104.96000000000002
Score: 439.20000000000005
max_value 0.0
Score: 439.20000000000005
max_value 131.20000000000002
Score: 439.20000000000005
max_value 104.96000000000002
Score: 439.20000000000005
max_value 0.0
Score: 439.20000000000005
max_value 0.0
Score: 439.20000000000005
max_value 131.20000000000002
Score: 439.20000000000005
max_value 0.0
Score: 439.20000000000005
max_value 104.96000000000002
Score: 439.20000000000005
max_value 104.96000000000002
Score: 439.20000000000005
max_value 0.0
Score: 439.20000000000005
max_value 0.0
Score: 439.20000000000005
max_value 104.96000000000002
Score: 439.20000000000005
max_value 131.20000000000002
Score: 439.20000000000005
max_value 204.96000000000004
Score: 371.4129586260733
max_value 0.0
Score: 371.4129586260733
max_value 0.0
Score: 371.4129586260733
max_value 0.0
Score: 371.4129586260733
max_value 0.0
Score: 371.4129586260733
max_value 104.96000000000002
Score: 371.4129586260733
max_value 104.96000000000002
Score: 422.62295081967204
max_value 83.96800000000002
Score: 463.59094457455114
max_value 0.0
Score: 463.59094457455114
max_value 0.0
Score: 463.59094457455114
max_value 204.96000000000004
Score: 463.59094457455114
max_value 83.96800000000002
Score: 504.55893832943013
max_value 67.17440000000002
Score: 537.3333333333334
max_value 204.96000000000004
Score: 637.3333333333334
max_value 83.96800000000002
Score: 637.3333333333334
max_value 83.96800000000002
Score: 678.3013270882124
max_value 104.96000000000002
Score: 678.3013270882124
max_value 104.96000000000002
Score: 678.3013270882124
max_value 83.96800000000002
Score: 678.3013270882124
max_value 67.17440000000002
Score: 711.0757220921155
max_value 67.17440000000002
Score: 711.0757220921155
max_value 67.17440000000002
Score: 743.8501170960187
max_value 104.96000000000002
Score: 743.8501170960187
max_value 104.96000000000002
Score: 743.8501170960187
max_value 104.96000000000002
Score: 743.8501170960187
max_value 67.17440000000002
Score: 743.8501170960187
max_value 67.17440000000002
Score: 743.8501170960187
max_value 263.9680000000001
Score: 599.9224148381622
max_value 83.96800000000002
Score: 599.9224148381622
max_value 104.96000000000002
Score: 599.9224148381622
max_value 83.96800000000002
Score: 599.9224148381622
max_value 104.96000000000002
Score: 599.9224148381622
max_value 83.96800000000002
Score: 599.9224148381622
max_value 67.17440000000002
Score: 599.9224148381622
max_value 67.17440000000002
Score: 599.9224148381622
max_value 311.1744000000001
Score: 543.0451862363998
max_value 67.17440000000002
Score: 543.0451862363998
max_value 67.17440000000002
Score: 543.0451862363998
max_value 67.17440000000002
Score: 543.0451862363998
max_value 104.96000000000002
Score: 543.0451862363998
max_value 104.96000000000002
Score: 543.0451862363998
max_value 83.96800000000002
Score: 543.0451862363998
max_value 67.17440000000002
Score: 543.0451862363998
max_value 83.96800000000002
Score: 543.0451862363998
max_value 311.1744000000001
Score: 558.2155858579625
max_value 53.73952000000002
Score: 575.4854898089302
max_value 83.96800000000002
Score: 575.4854898089302
max_value 67.17440000000002
Score: 597.0728697476399
max_value 67.17440000000002
Score: 597.0728697476399
max_value 83.96800000000002
Score: 597.0728697476399
max_value 53.73952000000002
Score: 597.0728697476399
max_value 83.96800000000002
Score: 597.0728697476399
max_value 104.96000000000002
Score: 597.0728697476399
max_value 83.96800000000002
Score: 597.0728697476399
max_value 348.93952000000013
Score: 543.275533823168
max_value 104.96000000000002
Score: 543.275533823168
max_value 104.96000000000002
Score: 543.275533823168
max_value 67.17440000000002
Score: 543.275533823168
max_value 83.96800000000002
Score: 543.275533823168
max_value 83.96800000000002
Score: 543.275533823168
max_value 248.9395200000001
Score: 577.017633313647
max_value 379.1516160000001
Score: 548.9676657477308
max_value 303.3212928000001
Score: 594.36409438909
max_value 53.73952000000002
Score: 594.36409438909
max_value 83.96800000000002
Score: 594.36409438909
max_value 67.17440000000002
Score: 594.36409438909
max_value 67.17440000000002
Score: 594.36409438909
max_value 83.96800000000002
Score: 594.36409438909
max_value 242.6570342400001
Score: 630.6812373021774
max_value 67.17440000000002
Score: 630.6812373021774
max_value 242.6570342400001
Score: 666.9983802152647
max_value 53.73952000000002
Score: 681.1720030437639
max_value 242.6570342400001
Score: 681.1720030437639
max_value 242.6570342400001
Score: 717.4891459568512
max_value 67.17440000000002
Score: 717.4891459568512
max_value 53.73952000000002
Score: 717.4891459568512
max_value 379.1516160000001
Score: 725.45748757141
max_value 67.17440000000002
Score: 725.45748757141
max_value 403.3212928000001
Score: 687.9759422213178
max_value 194.12562739200007
Score: 715.2885660174102
max_value 422.6570342400001
Score: 692.8588128712272
max_value 422.6570342400001
Score: 697.4336193629182
max_value 53.73952000000002
Score: 697.4336193629182
max_value 155.30050191360007
Score: 718.2841186506123
max_value 242.6570342400001
Score: 718.2841186506123
max_value 53.73952000000002
Score: 718.2841186506123
max_value 242.6570342400001
Score: 718.2841186506123
max_value 155.30050191360007
Score: 718.2841186506123
max_value 155.30050191360007
Score: 718.2841186506123
max_value 338.12562739200007
Score: 739.3854135935368
max_value 194.12562739200007
Score: 739.3854135935368
max_value 155.30050191360007
Score: 739.3854135935368
max_value 67.17440000000002
Score: 739.3854135935368
max_value 338.12562739200007
Score: 747.6200652785806
max_value 53.73952000000002
Score: 747.6200652785806
max_value 194.12562739200007
Score: 773.6831893881981
max_value 67.17440000000002
Score: 773.6831893881981
max_value 53.73952000000002
Score: 773.6831893881981
max_value 67.17440000000002
Score: 773.6831893881981
max_value 194.12562739200007
Score: 799.7463134978157
max_value 438.12562739200007
Score: 775.0408629229626
max_value 338.12562739200007
Score: 775.0408629229626
max_value 270.5005019136001
Score: 781.3959962301242
max_value 155.30050191360007
Score: 801.5103416150729
max_value 53.73952000000002
Score: 801.5103416150729
max_value 155.30050191360007
Score: 821.6246870000215
max_value 194.12562739200007
Score: 821.6246870000215
max_value 450.5005019136001
Score: 805.2359025108753
max_value 53.73952000000002
Score: 805.2359025108753
max_value 155.30050191360007
Score: 824.7977235386578
max_value 194.12562739200007
Score: 824.7977235386578
max_value 194.12562739200007
Score: 824.7977235386578
max_value 194.12562739200007
Score: 824.7977235386578
max_value 450.5005019136001
Score: 824.7977235386578
max_value 155.30050191360007
Score: 824.7977235386578
max_value 155.30050191360007
Score: 824.7977235386578
max_value 155.30050191360007
Score: 824.7977235386578
max_value 194.12562739200007
Score: 824.7977235386578
max_value 155.30050191360007
Score: 824.7977235386578
max_value 124.24040153088006
Score: 840.4471803608837
max_value 194.12562739200007
Score: 840.4471803608837
max_value 450.5005019136001
Score: 840.4471803608837
max_value 155.30050191360007
Score: 840.4471803608837
max_value 124.24040153088006
Score: 840.4471803608837
max_value 270.5005019136001
Score: 840.4471803608837
max_value 360.4004015308801
Score: 845.3916308208196
max_value 216.4004015308801
Score: 874.7883575654834
max_value 155.30050191360007
Score: 874.7883575654834
max_value 450.5005019136001
Score: 877.5352744876699
max_value 194.12562739200007
Score: 877.5352744876699
max_value 270.5005019136001
Score: 883.7158375625896
max_value 155.30050191360007
Score: 883.7158375625896
max_value 124.24040153088006
Score: 899.3652943848156
max_value 460.4004015308801
Score: 882.1766990976841
max_value 194.12562739200007
Score: 882.1766990976841
max_value 124.24040153088006
Score: 882.1766990976841
max_value 468.3203212247041
Score: 871.0629667960513
max_value 124.24040153088006
Score: 871.0629667960513
max_value 155.30050191360007
Score: 871.0629667960513
max_value 155.30050191360007
Score: 871.0629667960513
max_value 468.3203212247041
Score: 872.7540998378789
max_value 474.6562569797633
Score: 862.4390133747079
max_value 155.30050191360007
Score: 862.4390133747079
max_value 474.6562569797633
Score: 863.7738605745267
max_value 270.5005019136001
Score: 869.6398883081055
max_value 270.5005019136001
Score: 869.6398883081055
max_value 155.30050191360007
Score: 869.6398883081055
max_value 216.4004015308801
Score: 874.3327104949685
max_value 155.30050191360007
Score: 874.3327104949685
max_value 124.24040153088006
Score: 874.3327104949685
max_value 155.30050191360007
Score: 874.3327104949685
max_value 270.5005019136001
Score: 874.3327104949685
max_value 155.30050191360007
Score: 874.3327104949685
max_value 479.7250055838107
Score: 866.1511527281118
max_value 216.4004015308801
Score: 866.1511527281118
max_value 216.4004015308801
Score: 870.7943908081808
max_value 173.12032122470407
Score: 874.5089812722359
max_value 479.7250055838107
Score: 875.5655758931227
max_value 173.12032122470407
Score: 875.5655758931227
max_value 138.49625697976327
Score: 878.5372482643668
max_value 383.78000446704857
Score: 883.410790953207
max_value 173.12032122470407
Score: 883.410790953207
max_value 483.78000446704857
Score: 876.844314759278
max_value 487.0240035736389
Score: 872.5024704986278
max_value 270.5005019136001
Score: 872.5024704986278
max_value 173.12032122470407
Score: 876.1613906299452
max_value 173.12032122470407
Score: 876.1613906299452
max_value 173.12032122470407
Score: 879.8203107612626
max_value 270.5005019136001
Score: 879.8203107612626
max_value 173.12032122470407
Score: 879.8203107612626
max_value 216.4004015308801
Score: 884.3939609254094
max_value 270.5005019136001
Score: 884.3939609254094
max_value 173.12032122470407
Score: 884.3939609254094
max_value 216.4004015308801
Score: 884.3939609254094
max_value 173.12032122470407
Score: 884.3939609254094
max_value 487.0240035736389
Score: 885.0600470079817
max_value 173.12032122470407
Score: 885.0600470079817
max_value 173.12032122470407
Score: 885.0600470079817
max_value 489.61920285891114
Score: 880.8988800010618
max_value 489.61920285891114
Score: 881.428924425406
max_value 173.12032122470407
Score: 885.0684506545762
max_value 173.12032122470407
Score: 885.0684506545762
max_value 216.4004015308801
Score: 885.0684506545762
max_value 216.4004015308801
Score: 885.0684506545762
max_value 216.4004015308801
Score: 885.0684506545762
max_value 491.69536228712894
Score: 881.7535378231003
max_value 493.3562898297032
Score: 879.5425190074081
max_value 216.4004015308801
Score: 879.5425190074081
max_value 493.3562898297032
Score: 879.879177843388
max_value 216.4004015308801
Score: 879.879177843388
max_value 173.12032122470407
Score: 879.879177843388
max_value 173.12032122470407
Score: 879.879177843388
max_value 216.4004015308801
Score: 879.879177843388
max_value 173.12032122470407
Score: 879.879177843388
max_value 494.68503186376256
Score: 877.7843939337477
max_value 270.5005019136001
Score: 877.7843939337477
max_value 494.68503186376256
Score: 877.7843939337477
max_value 270.5005019136001
Score: 877.7843939337477
max_value 173.12032122470407
Score: 877.7843939337477
max_value 270.5005019136001
Score: 877.7843939337477
max_value 216.4004015308801
Score: 877.7843939337477
max_value 216.4004015308801
Score: 877.7843939337477
max_value 138.49625697976327
Score: 880.6661984215796
max_value 138.49625697976327
Score: 880.6661984215796
max_value 494.68503186376256
Score: 880.6661984215796
max_value 216.4004015308801
Score: 880.6661984215796
max_value 270.5005019136001
Score: 880.6661984215796
max_value 494.68503186376256
Score: 880.9348020680359
max_value 216.4004015308801
Score: 880.9348020680359
max_value 495.7480254910101
Score: 879.2603047927882
max_value 395.7480254910101
Score: 890.8836285653717
max_value 316.59842039280807
Score: 900.1822875834387
max_value 316.59842039280807
Score: 900.1822875834387
max_value 496.59842039280807
Score: 899.0260785590701
max_value 316.59842039280807
Score: 899.0260785590701
max_value 496.59842039280807
Score: 899.0260785590701
max_value 216.4004015308801
Score: 899.0260785590701
max_value 173.12032122470407
Score: 899.0260785590701
max_value 397.2787363142465
Score: 901.7443175410872
max_value 496.59842039280807
Score: 901.7443175410872
max_value 397.2787363142465
Score: 902.0525567058485
max_value 173.12032122470407
Score: 902.0525567058485
max_value 496.59842039280807
Score: 902.0525567058485
max_value 173.12032122470407
Score: 902.0525567058485
max_value 496.59842039280807
Score: 902.0525567058485
max_value 216.4004015308801
Score: 902.0525567058485
max_value 173.12032122470407
Score: 902.0525567058485
max_value 317.8229890513972
Score: 911.5818836618959
max_value 317.8229890513972
Score: 921.1112106179431
max_value 496.59842039280807
Score: 921.282454598366
max_value 138.49625697976327
Score: 921.282454598366
max_value 254.25839124111778
Score: 928.905916163204
max_value 397.2787363142465
Score: 928.905916163204
max_value 317.8229890513972
Score: 929.152507495013
max_value 254.25839124111778
Score: 936.7759690598507
max_value 317.8229890513972
Score: 936.7759690598507
max_value 203.40671299289423
Score: 942.8747383117211
max_value 317.8229890513972
Score: 942.8747383117211
max_value 203.40671299289423
Score: 948.9735075635913
max_value 497.2787363142465
Score: 947.8120458884838
max_value 317.8229890513972
Score: 947.8120458884838
max_value 397.8229890513972
Score: 947.9214920999154
max_value 254.25839124111778
Score: 955.5345241774248
max_value 318.2583912411178
Score: 955.6220811465702
max_value 203.40671299289423
Score: 955.6220811465702
max_value 254.25839124111778
Score: 955.6220811465702
max_value 318.2583912411178
Score: 955.7096381157154
max_value 203.40671299289423
Score: 961.800063777723
max_value 318.2583912411178
Score: 961.8876207468684
max_value 203.40671299289423
Score: 961.8876207468684
max_value 397.8229890513972
Score: 961.8876207468684
max_value 318.2583912411178
Score: 961.8876207468684
max_value 318.2583912411178
Score: 961.8876207468684
max_value 397.8229890513972
Score: 961.9970669582999
max_value 254.60671299289424
Score: 962.0671125336162
max_value 203.40671299289423
Score: 962.0671125336162
max_value 254.60671299289424
Score: 962.0671125336162
max_value 254.60671299289424
Score: 969.7501901864418
max_value 203.6853703943154
Score: 975.8966523087025
max_value 203.40671299289423
Score: 975.8966523087025
max_value 203.40671299289423
Score: 975.8966523087025
max_value 497.2787363142465
Score: 976.0334600729919
max_value 203.40671299289423
Score: 976.0334600729919
max_value 162.7253703943154
Score: 980.905800602598
max_value 318.2583912411178
Score: 980.905800602598
max_value 203.40671299289423
Score: 980.905800602598
max_value 203.40671299289423
Score: 980.905800602598
max_value 203.40671299289423
Score: 980.905800602598
max_value 497.8229890513972
Score: 979.9427366146061
max_value 203.40671299289423
Score: 979.9427366146061
max_value 498.2583912411178
Score: 979.2830312761432
max_value 318.2583912411178
Score: 979.2830312761432
max_value 203.40671299289423
Score: 979.2830312761432
max_value 498.2583912411178
Score: 979.3704160944171
max_value 203.40671299289423
Score: 979.3704160944171
max_value 318.2583912411178
Score: 979.3704160944171
max_value 318.2583912411178
Score: 979.3704160944171
max_value 203.40671299289423
Score: 979.3704160944171
max_value 203.40671299289423
Score: 979.3704160944171
max_value 203.40671299289423
Score: 979.3704160944171
max_value 254.60671299289424
Score: 979.3704160944171
max_value 318.2583912411178
Score: 979.3704160944171
max_value 318.2583912411178
Score: 979.3704160944171
max_value 254.60671299289424
Score: 979.3704160944171
max_value 203.40671299289423
Score: 979.3704160944171
max_value 254.60671299289424
Score: 979.3704160944171
max_value 318.2583912411178
Score: 979.3704160944171
max_value 318.2583912411178
Score: 979.3704160944171
max_value 398.60671299289424
Score: 979.5277087673103
max_value 203.6853703943154
Score: 979.5277087673103
max_value 318.88537039431543
Score: 979.6535429056246
max_value 255.10829631545235
Score: 979.7542102162761
max_value 255.10829631545235
Score: 979.9247853815468
max_value 162.7253703943154
Score: 979.9247853815468
max_value 318.88537039431543
Score: 980.0506195198612
max_value 318.88537039431543
Score: 980.1764536581757
max_value 255.10829631545235
Score: 980.1764536581757
max_value 255.10829631545235
Score: 980.1764536581757
max_value 204.08663705236188
Score: 980.3129137903923
max_value 255.10829631545235
Score: 980.3129137903923
max_value 398.60671299289424
Score: 980.4702064632853
max_value 163.26930964188952
Score: 985.4421353053503
max_value 255.10829631545235
Score: 985.4421353053503
max_value 204.08663705236188
Score: 985.4421353053503
max_value 498.60671299289424
Score: 984.8235741275136
max_value 204.08663705236188
Score: 984.9040517158793
max_value 255.10829631545235
Score: 984.9040517158793
max_value 204.08663705236188
Score: 984.9040517158793
max_value 318.88537039431543
Score: 984.9040517158793
max_value 318.88537039431543
Score: 984.9040517158793
max_value 255.10829631545235
Score: 984.9040517158793
max_value 255.10829631545235
Score: 985.0046487013364
max_value 318.88537039431543
Score: 985.0046487013364
max_value 318.88537039431543
Score: 985.0046487013364
max_value 255.10829631545235
Score: 985.0046487013364
max_value 204.08663705236188
Score: 985.1410135038451
max_value 204.08663705236188
Score: 985.1410135038451
max_value 318.88537039431543
Score: 985.1410135038451
max_value 398.88537039431543
Score: 985.1969007179879
max_value 204.08663705236188
Score: 985.1969007179879
max_value 255.10829631545235
Score: 985.1969007179879
max_value 398.88537039431543
Score: 985.1969007179879
max_value 255.10829631545235
Score: 985.1969007179879
max_value 318.88537039431543
Score: 985.1969007179879
max_value 318.88537039431543
Score: 985.1969007179879
max_value 255.10829631545235
Score: 985.1969007179879
max_value 204.08663705236188
Score: 985.1969007179879
max_value 318.88537039431543
Score: 985.1969007179879
max_value 398.88537039431543
Score: 985.1969007179879
max_value 255.10829631545235
Score: 985.1969007179879
max_value 204.08663705236188
Score: 985.1969007179879
max_value 318.88537039431543
Score: 985.1969007179879
max_value 318.88537039431543
Score: 985.1969007179879
max_value 255.10829631545235
Score: 985.1969007179879
max_value 204.08663705236188
Score: 985.1969007179879
max_value 204.08663705236188
Score: 985.1969007179879
max_value 318.88537039431543
Score: 985.1969007179879
max_value 204.08663705236188
Score: 985.1969007179879
max_value 204.08663705236188
Score: 985.1969007179879
max_value 255.10829631545235
Score: 985.1969007179879
max_value 204.08663705236188
Score: 985.1969007179879
max_value 318.88537039431543
Score: 985.1969007179879
max_value 255.10829631545235
Score: 985.1969007179879
max_value 255.10829631545235
Score: 985.1969007179879
max_value 398.88537039431543
Score: 985.1969007179879
max_value 204.08663705236188
Score: 985.1969007179879
max_value 498.60671299289424
Score: 985.1969007179879
max_value 398.88537039431543
Score: 985.1969007179879
max_value 255.10829631545235
Score: 985.1969007179879
max_value 318.88537039431543
Score: 985.1969007179879
max_value 255.10829631545235
Score: 985.3673567211239
max_value 398.88537039431543
Score: 985.3673567211239
max_value 398.88537039431543
Score: 985.4232439352667
max_value 319.1082963154524
Score: 985.4679537065809
max_value 398.88537039431543
Score: 985.4679537065809
max_value 204.08663705236188
Score: 985.4679537065809
max_value 255.10829631545235
Score: 985.4679537065809
max_value 163.26930964188952
Score: 985.577045548588
max_value 498.60671299289424
Score: 985.577045548588
max_value 163.26930964188952
Score: 985.577045548588
max_value 163.26930964188952
Score: 985.577045548588
max_value 163.26930964188952
Score: 985.577045548588
max_value 319.1082963154524
Score: 985.6217553199023
max_value 204.08663705236188
Score: 985.6217553199023
max_value 398.88537039431543
Score: 985.6217553199023
max_value 163.26930964188952
Score: 985.6217553199023
max_value 255.28663705236193
Score: 985.6575231369537
max_value 204.08663705236188
Score: 985.7938879394624
max_value 163.26930964188952
Score: 985.7938879394624
max_value 319.1082963154524
Score: 985.7938879394624
max_value 319.1082963154524
Score: 985.7938879394624
max_value 204.08663705236188
Score: 985.7938879394624
max_value 204.08663705236188
Score: 985.7938879394624
max_value 498.60671299289424
Score: 985.863746957141
max_value 204.08663705236188
Score: 985.863746957141
max_value 255.10829631545235
Score: 985.863746957141
max_value 398.88537039431543
Score: 985.863746957141
max_value 319.1082963154524
Score: 985.863746957141
max_value 204.08663705236188
Score: 985.863746957141
max_value 498.88537039431543
Score: 985.3689389222908
max_value 319.1082963154524
Score: 985.3689389222908
max_value 163.26930964188952
Score: 985.3689389222908
max_value 319.1082963154524
Score: 985.3689389222908
max_value 204.08663705236188
Score: 985.3689389222908
max_value 163.26930964188952
Score: 985.3689389222908
max_value 319.1082963154524
Score: 985.3689389222908
max_value 319.1082963154524
Score: 985.4136237205163
max_value 498.88537039431543
Score: 985.4694797182981
max_value 255.28663705236193
Score: 985.5052275568785
max_value 204.22930964188956
Score: 985.5338258277427
max_value 204.08663705236188
Score: 985.5338258277427
max_value 319.1082963154524
Score: 985.5338258277427
max_value 319.1082963154524
Score: 985.5338258277427
max_value 399.1082963154524
Score: 985.5785106259682
max_value 319.2866370523619
Score: 985.6142584645486
max_value 319.2866370523619
Score: 985.6142584645486
max_value 204.08663705236188
Score: 985.6142584645486
max_value 204.08663705236188
Score: 985.6142584645486
max_value 204.08663705236188
Score: 985.6142584645486
max_value 399.1082963154524
Score: 985.658943262774
max_value 255.28663705236193
Score: 985.6946911013544
max_value 255.28663705236193
Score: 985.6946911013544
max_value 399.1082963154524
Score: 985.6946911013544
max_value 319.2866370523619
Score: 985.7304389399346
max_value 204.22930964188956
Score: 985.759037210799
max_value 499.1082963154524
Score: 985.3634143555323
max_value 319.2866370523619
Score: 985.3991462273978
max_value 499.2866370523619
Score: 985.1275384293517
max_value 204.22930964188956
Score: 985.1561137163592
max_value 255.42930964188955
Score: 985.1846890033667
max_value 399.4293096418896
Score: 985.2489833991333
max_value 255.42930964188955
Score: 985.2775586861408
max_value 255.42930964188955
Score: 985.3061339731482
max_value 204.34344771351164
Score: 985.3289942027543
max_value 163.38344771351166
Score: 985.3518544323601
max_value 255.42930964188955
Score: 985.3518544323601
max_value 499.2866370523619
Score: 985.3518544323601
max_value 163.4747581708093
Score: 985.3930028456509
max_value 204.34344771351164
Score: 985.4444383622645
max_value 255.42930964188955
Score: 985.4444383622645
max_value 319.2866370523619
Score: 985.4444383622645
max_value 319.2866370523619
Score: 985.4444383622645
max_value 204.34344771351164
Score: 985.4672985918705
max_value 204.34344771351164
Score: 985.4672985918705
max_value 204.34344771351164
Score: 985.4672985918705
max_value 204.34344771351164
Score: 985.4672985918705
max_value 319.2866370523619
Score: 985.4672985918705
max_value 399.4293096418896
Score: 985.5315929876374
max_value 255.42930964188955
Score: 985.5315929876374
max_value 204.34344771351164
Score: 985.5315929876374
max_value 204.34344771351164
Score: 985.5315929876374
max_value 255.42930964188955
Score: 985.5315929876374
max_value 204.34344771351164
Score: 985.5315929876374
max_value 255.42930964188955
Score: 985.5958873834043
max_value 255.42930964188955
Score: 985.5958873834043
max_value 319.5434477135117
Score: 985.6473229000176
max_value 399.4293096418896
Score: 985.6473229000176
max_value 204.34344771351164
Score: 985.6473229000176
max_value 255.42930964188955
Score: 985.6473229000176
max_value 204.34344771351164
Score: 985.6473229000176
max_value 319.5434477135117
Score: 985.6987584166311
max_value 255.63475817080936
Score: 985.7399068299219
max_value 204.34344771351164
Score: 985.7399068299219
max_value 255.63475817080936
Score: 985.7810552432127
max_value 319.5434477135117
Score: 985.832490759826
max_value 499.2866370523619
Score: 985.8682098685854
max_value 204.5078065366475
Score: 985.9011285992179
max_value 204.5078065366475
Score: 985.9011285992179
max_value 204.5078065366475
Score: 985.9011285992179
max_value 204.5078065366475
Score: 985.9340473298505
max_value 499.4293096418896
Score: 985.6809614531448
max_value 204.5078065366475
Score: 985.6809614531448
max_value 204.5078065366475
Score: 985.6809614531448
max_value 255.63475817080936
Score: 985.7220981115173
max_value 204.5078065366475
Score: 985.7220981115173
max_value 204.5078065366475
Score: 985.7220981115173
max_value 499.4293096418896
Score: 985.7220981115173
max_value 319.5434477135117
Score: 985.7220981115173
max_value 499.4293096418896
Score: 985.7220981115173
max_value 255.63475817080936
Score: 985.7220981115173
max_value 163.606245229318
Score: 985.7484255728757
max_value 319.5434477135117
Score: 985.7484255728757
max_value 255.63475817080936
Score: 985.7484255728757
max_value 399.5434477135117
Score: 985.7712792719716
max_value 255.63475817080936
Score: 985.7712792719716
max_value 204.5078065366475
Score: 985.8270422977655
max_value 255.63475817080936
Score: 985.8681789561381
max_value 163.606245229318
Score: 985.8681789561381
max_value 204.5078065366475
Score: 985.8681789561381
max_value 204.5078065366475
Score: 985.8681789561381
max_value 255.63475817080936
Score: 985.8681789561381
max_value 319.6347581708094
Score: 985.8864619154148
max_value 499.4293096418896
Score: 985.8864619154148
max_value 499.4293096418896
Score: 985.9150290392846
max_value 255.63475817080936
Score: 985.9150290392846
max_value 255.63475817080936
Score: 985.9150290392846
max_value 499.5434477135117
Score: 985.7126109443253
max_value 163.606245229318
Score: 985.7126109443253
max_value 255.63475817080936
Score: 985.7126109443253
max_value 319.6347581708094
Score: 985.7126109443253
max_value 204.5078065366475
Score: 985.7126109443253
max_value 499.6347581708094
Score: 985.5735873571118
max_value 163.606245229318
Score: 985.6181794340566
max_value 204.5078065366475
Score: 985.6181794340566
max_value 499.6347581708094
Score: 985.6364548754274
max_value 319.6347581708094
Score: 985.6364548754274
max_value 255.63475817080936
Score: 985.6364548754274
max_value 399.7078065366475
Score: 985.6693506698948
max_value 499.7078065366475
Score: 985.5398816123915
max_value 163.606245229318
Score: 985.5398816123915
max_value 319.76624522931803
Score: 985.5661944009428
max_value 255.63475817080936
Score: 985.5661944009428
max_value 399.7078065366475
Score: 985.6219263489163
max_value 399.7078065366475
Score: 985.6219263489163
max_value 499.76624522931803
Score: 985.5329852661268
max_value 163.606245229318
Score: 985.5329852661268
max_value 499.76624522931803
Score: 985.544678471346
max_value 255.63475817080936
Score: 985.544678471346
max_value 319.76624522931803
Score: 985.544678471346
max_value 499.81299618345446
Score: 985.4618473745854
max_value 319.76624522931803
Score: 985.5064235495765
max_value 399.85039694676357
Score: 985.5349523015707
max_value 255.81299618345443
Score: 985.5706132415635
max_value 499.81299618345446
Score: 985.5706132415635
max_value 163.606245229318
Score: 985.5706132415635
max_value 204.5078065366475
Score: 985.5706132415635
max_value 204.5078065366475
Score: 985.5706132415635
max_value 499.81299618345446
Score: 985.5706132415635
max_value 204.5078065366475
Score: 985.5706132415635
max_value 204.5078065366475
Score: 985.5706132415635
max_value 399.85039694676357
Score: 985.5991419935576
max_value 499.81299618345446
Score: 985.608495682736
max_value 255.63475817080936
Score: 985.608495682736
max_value 204.5078065366475
Score: 985.608495682736
max_value 204.5078065366475
Score: 985.608495682736
max_value 255.81299618345443
Score: 985.6441566227288
max_value 255.81299618345443
Score: 985.6441566227288
max_value 204.5078065366475
Score: 985.6441566227288
max_value 204.5078065366475
Score: 985.6441566227288
max_value 204.5078065366475
Score: 985.6441566227288
max_value 204.65039694676355
Score: 985.672685374723
max_value 255.81299618345443
Score: 985.672685374723
max_value 319.8803175574109
Score: 985.7400845513093
max_value 204.65039694676355
Score: 985.7400845513093
max_value 499.85039694676357
Score: 985.6738100110509
max_value 255.81299618345443
Score: 985.6738100110509
max_value 204.5078065366475
Score: 985.6738100110509
max_value 319.8803175574109
Score: 985.69663130494
max_value 399.8803175574109
Score: 985.7026172180912
max_value 204.5078065366475
Score: 985.7354988210948
max_value 499.85039694676357
Score: 985.7354988210948
max_value 204.5078065366475
Score: 985.7354988210948
max_value 255.81299618345443
Score: 985.7711570927964
max_value 255.81299618345443
Score: 985.7711570927964
max_value 319.9042540459287
Score: 985.7759458233174
max_value 499.85039694676357
Score: 985.7759458233174
max_value 204.65039694676355
Score: 985.8044724406788
max_value 204.65039694676355
Score: 985.8329990580401
max_value 204.65039694676355
Score: 985.8329990580401
max_value 319.9042540459287
Score: 985.8329990580401
max_value 399.8803175574109
Score: 985.8329990580401
max_value 204.65039694676355
Score: 985.8329990580401
max_value 319.9042540459287
Score: 985.8606090824501
max_value 163.606245229318
Score: 985.8606090824501
max_value 399.8803175574109
Score: 985.8665949956014
max_value 163.72031755741085
Score: 985.8894162894904
max_value 499.85039694676357
Score: 985.8968986809294
max_value 319.9042540459287
Score: 985.9016874114504
max_value 319.9042540459287
Score: 985.9016874114504
max_value 204.65039694676355
Score: 985.9302140288116
max_value 163.72031755741085
Score: 985.9530353227008
max_value 499.8803175574109
Score: 985.9000061177278
max_value 204.65039694676355
Score: 985.9000061177278
max_value 204.65039694676355
Score: 985.9000061177278
max_value 319.9042540459287
Score: 985.9000061177278
max_value 319.9042540459287
Score: 985.9000061177278
max_value 255.92340323674298
Score: 985.9220928151652
max_value 204.65039694676355
Score: 985.9220928151652
max_value 163.72031755741085
Score: 985.9220928151652
max_value 319.9042540459287
Score: 985.9220928151652
max_value 204.65039694676355
Score: 985.9220928151652
max_value 399.8803175574109
Score: 985.9220928151652
max_value 204.65039694676355
Score: 985.9220928151652
max_value 255.92340323674298
Score: 985.9441795126028
max_value 319.9042540459287
Score: 985.9441795126028
max_value 204.7387225893944
Score: 985.9618488705528
max_value 204.7387225893944
Score: 985.9618488705528
max_value 204.7387225893944
Score: 985.9795182285028
max_value 204.7387225893944
Score: 985.9795182285028
max_value 499.9042540459287
Score: 985.9430808960476
max_value 204.7387225893944
Score: 985.9430808960476
max_value 499.9042540459287
Score: 985.9430808960476
max_value 319.9042540459287
Score: 985.9430808960476
max_value 255.92340323674298
Score: 985.9430808960476
max_value 204.7387225893944
Score: 985.9430808960476
max_value 319.9042540459287
Score: 985.9430808960476
max_value 204.7387225893944
Score: 985.9430808960476
max_value 499.9042540459287
Score: 985.9478691106556
max_value 499.923403236743
Score: 985.9139335423521
max_value 204.7387225893944
Score: 985.9139335423521
max_value 319.9042540459287
Score: 985.9139335423521
max_value 204.7387225893944
Score: 985.9139335423521
max_value 499.93872258939444
Score: 985.8906172670594
max_value 204.7387225893944
Score: 985.8906172670594
max_value 499.93872258939444
Score: 985.8906172670594
max_value 204.7387225893944
Score: 985.9082845607975
max_value 204.7387225893944
Score: 985.9082845607975
max_value 399.9509780715156
Score: 985.9224183957881
max_value 204.7387225893944
Score: 985.9224183957881
max_value 163.79097807151553
Score: 985.9365522307787
max_value 399.9509780715156
Score: 985.9365522307787
max_value 204.7387225893944
Score: 985.9365522307787
max_value 399.9509780715156
Score: 985.9365522307787
max_value 255.92340323674298
Score: 985.9942883198014
max_value 163.79097807151553
Score: 985.9942883198014
max_value 204.7387225893944
Score: 985.9942883198014
max_value 255.92340323674298
Score: 985.9942883198014
max_value 499.93872258939444
Score: 985.9973525658698
max_value 499.9509780715156
Score: 985.9756337870496
max_value 255.92340323674298
Score: 985.9756337870496
max_value 399.9607824572125
Score: 985.9775948564597
max_value 204.7387225893944
Score: 985.9775948564597
max_value 399.9607824572125
Score: 985.9936894143926
max_value 255.92340323674298
Score: 985.9936894143926
max_value 399.9607824572125
Score: 985.9936894143926
max_value 499.9509780715156
Score: 985.9936894143926
max_value 319.96862596577
Score: 986.0065650607389
max_value 204.7387225893944
Score: 986.0065650607389
max_value 255.97490077261602
Score: 986.0168655778159
max_value 163.79097807151553
Score: 986.0309990663386
max_value 255.97490077261602
Score: 986.0309990663386
max_value 319.96862596577
Score: 986.0438747126849
max_value 163.79097807151553
Score: 986.0438747126849
max_value 255.92340323674298
Score: 986.0438747126849
max_value 204.7387225893944
Score: 986.0438747126849
max_value 499.9509780715156
Score: 986.0463260494477
max_value 255.97490077261602
Score: 986.0463260494477
max_value 204.7387225893944
Score: 986.0463260494477
max_value 255.97490077261602
Score: 986.0566265665246
max_value 163.79097807151553
Score: 986.0566265665246
max_value 319.96862596577
Score: 986.0695022128709
max_value 255.97490077261602
Score: 986.0695022128709
max_value 255.97490077261602
Score: 986.0695022128709
max_value 204.77992061809283
Score: 986.0777426265325
max_value 319.96862596577
Score: 986.0777426265325
max_value 255.97490077261602
Score: 986.1101267194263
max_value 204.77992061809283
Score: 986.1101267194263
max_value 255.97490077261602
Score: 986.1101267194263
max_value 255.97490077261602
Score: 986.1101267194263
max_value 319.96862596577
Score: 986.1101267194263
max_value 204.77992061809283
Score: 986.1183671330879
max_value 319.96862596577
Score: 986.1183671330879
max_value 204.77992061809283
Score: 986.1183671330879
max_value 319.96862596577
Score: 986.1183671330879
max_value 163.82393649447428
Score: 986.1249594640171
max_value 255.97490077261602
Score: 986.1249594640171
max_value 255.97490077261602
Score: 986.1249594640171
max_value 499.9607824572125
Score: 986.1075822792799
max_value 319.96862596577
Score: 986.1075822792799
max_value 204.77992061809283
Score: 986.1158225313444
max_value 319.96862596577
Score: 986.1158225313444
max_value 255.97490077261602
Score: 986.1261228464251
max_value 319.96862596577
Score: 986.1261228464251
max_value 204.77992061809283
Score: 986.1261228464251
max_value 255.97490077261602
Score: 986.1261228464251
max_value 399.9607824572125
Score: 986.1261228464251
max_value 255.97490077261602
Score: 986.1261228464251
max_value 255.97490077261602
Score: 986.1261228464251
max_value 204.77992061809283
Score: 986.1261228464251
max_value 499.96862596577
Score: 986.114182298663
max_value 204.77992061809283
Score: 986.114182298663
max_value 204.77992061809283
Score: 986.114182298663
max_value 163.82393649447428
Score: 986.114182298663
max_value 255.97490077261602
Score: 986.114182298663
max_value 399.974900772616
Score: 986.1170061389341
max_value 255.97490077261602
Score: 986.1170061389341
max_value 255.97490077261602
Score: 986.1170061389341
max_value 499.96862596577
Score: 986.1170061389341
max_value 204.77992061809283
Score: 986.1170061389341
max_value 499.96862596577
Score: 986.1170061389341
max_value 255.97490077261602
Score: 986.1170061389341
max_value 319.96862596577
Score: 986.1170061389341
max_value 204.77992061809283
Score: 986.1170061389341
max_value 204.77992061809283
Score: 986.1170061389341
max_value 319.96862596577
Score: 986.1170061389341
max_value 319.96862596577
Score: 986.1170061389341
max_value 163.82393649447428
Score: 986.1235982371674
max_value 204.77992061809283
Score: 986.1495045970072
max_value 319.96862596577
Score: 986.1495045970072
max_value 399.974900772616
Score: 986.1523284372785
max_value 499.96862596577
Score: 986.1523284372785
max_value 163.82393649447428
Score: 986.1523284372785
max_value 204.77992061809283
Score: 986.1523284372785
max_value 204.77992061809283
Score: 986.1523284372785
max_value 319.9799206180928
Score: 986.1545875094954
max_value 163.82393649447428
Score: 986.1545875094954
max_value 255.98393649447428
Score: 986.156394767269
max_value 399.974900772616
Score: 986.156394767269
max_value 255.98393649447428
Score: 986.1582020250427
max_value 204.77992061809283
Score: 986.1582020250427
max_value 255.98393649447428
Score: 986.1582020250427
max_value 319.9799206180928
Score: 986.1604610972596
max_value 163.82393649447428
Score: 986.1604610972596
max_value 255.98393649447428
Score: 986.1622683550332
max_value 255.98393649447428
Score: 986.1622683550332
max_value 204.78714919557945
Score: 986.1637141612521
max_value 204.78714919557945
Score: 986.1651599674709
max_value 499.96862596577
Score: 986.1667287676216
max_value 204.78714919557945
Score: 986.1667287676216
max_value 204.78714919557945
Score: 986.1667287676216
max_value 499.974900772616
Score: 986.1556071592214
max_value 255.98393649447428
Score: 986.1556071592214
max_value 204.78714919557945
Score: 986.157052947295
max_value 255.98393649447428
Score: 986.157052947295
max_value 255.98393649447428
Score: 986.157052947295
max_value 319.9799206180928
Score: 986.157052947295
max_value 499.9799206180928
Score: 986.1481558470505
max_value 499.9839364944743
Score: 986.1410382954857
max_value 319.9799206180928
Score: 986.1432972985253
max_value 319.9799206180928
Score: 986.1432972985253
max_value 319.9799206180928
Score: 986.1432972985253
max_value 255.98393649447428
Score: 986.1432972985253
max_value 499.98714919557943
Score: 986.1376033250799
max_value 319.9799206180928
Score: 986.1376033250799
max_value 204.78714919557945
Score: 986.1376033250799
max_value 204.78714919557945
Score: 986.1390490777354
max_value 319.9799206180928
Score: 986.1390490777354
max_value 255.98393649447428
Score: 986.1390490777354
max_value 399.974900772616
Score: 986.1390490777354
max_value 319.9799206180928
Score: 986.1390490777354
max_value 255.98393649447428
Score: 986.1390490777354
max_value 319.9799206180928
Score: 986.1390490777354
max_value 499.9897193564636
Score: 986.1344939442322
max_value 163.82971935646356
Score: 986.1356505404112
max_value 204.78714919557945
Score: 986.1356505404112
max_value 255.98393649447428
Score: 986.1356505404112
max_value 255.98393649447428
Score: 986.1356505404112
max_value 255.98393649447428
Score: 986.1356505404112
max_value 204.78714919557945
Score: 986.1356505404112
max_value 499.9917754851709
Score: 986.1320064625704
max_value 204.78714919557945
Score: 986.1320064625704
max_value 319.9799206180928
Score: 986.1320064625704
max_value 204.78714919557945
Score: 986.1320064625704
max_value 399.974900772616
Score: 986.1320064625704
max_value 255.98393649447428
Score: 986.1338136366683
max_value 319.9799206180928
Score: 986.1338136366683
max_value 319.9799206180928
Score: 986.1338136366683
max_value 319.9799206180928
Score: 986.1338136366683
max_value 255.98393649447428
Score: 986.1338136366683
max_value 499.9934203881367
Score: 986.1308983900296
max_value 163.82971935646356
Score: 986.1308983900296
max_value 255.98393649447428
Score: 986.1308983900296
max_value 319.9799206180928
Score: 986.1308983900296
max_value 204.78714919557945
Score: 986.1308983900296
max_value 204.78714919557945
Score: 986.1308983900296
max_value 255.98393649447428
Score: 986.1308983900296
max_value 255.98393649447428
Score: 986.1308983900296
max_value 255.98393649447428
Score: 986.1308983900296
max_value 204.78714919557945
Score: 986.1308983900296
max_value 204.78714919557945
Score: 986.1308983900296
max_value 204.78714919557945
Score: 986.1308983900296
max_value 499.9947363105094
Score: 986.1335251432073
max_value 255.98393649447428
Score: 986.1335251432073
max_value 499.9947363105094
Score: 986.1335251432073
max_value 255.98393649447428
Score: 986.1335251432073
max_value 204.78714919557945
Score: 986.1335251432073
max_value 204.78714919557945
Score: 986.1335251432073
max_value 319.9799206180928
Score: 986.1335251432073
max_value 255.98393649447428
Score: 986.1335251432073
max_value 255.98393649447428
Score: 986.1335251432073
max_value 255.98393649447428
Score: 986.1335251432073
max_value 319.9799206180928
Score: 986.1335251432073
max_value 204.78714919557945
Score: 986.1335251432073
max_value 163.82971935646356
Score: 986.134681727781
max_value 319.9799206180928
Score: 986.134681727781
max_value 499.9947363105094
Score: 986.1349449150262
max_value 204.78714919557945
Score: 986.1349449150262
max_value 204.78714919557945
Score: 986.1349449150262
max_value 163.82971935646356
Score: 986.1349449150262
max_value 399.9957890484075
Score: 986.1391226141645
max_value 319.9799206180928
Score: 986.1391226141645
max_value 319.9799206180928
Score: 986.1391226141645
max_value 163.82971935646356
Score: 986.1391226141645
max_value 319.9799206180928
Score: 986.1391226141645
max_value 255.98393649447428
Score: 986.1391226141645
max_value 319.9799206180928
Score: 986.1391226141645
max_value 319.9799206180928
Score: 986.1391226141645
max_value 499.9957890484075
Score: 986.1372568539766
max_value 319.9799206180928
Score: 986.1372568539766
max_value 399.996631238726
Score: 986.1374252934588
max_value 319.9799206180928
Score: 986.1374252934588
max_value 499.9957890484075
Score: 986.1374252934588
max_value 399.996631238726
Score: 986.1417714232834
max_value 204.78714919557945
Score: 986.1417714232834
max_value 163.82971935646356
Score: 986.1417714232834
max_value 255.98393649447428
Score: 986.1417714232834
max_value 255.98393649447428
Score: 986.1417714232834
max_value 319.99730499098087
Score: 986.1452483271432
max_value 499.9957890484075
Score: 986.145458876496
max_value 204.78714919557945
Score: 986.145458876496
max_value 319.99730499098087
Score: 986.1489357803558
max_value 163.82971935646356
Score: 986.1489357803558
max_value 319.99730499098087
Score: 986.1524126842156
max_value 204.78714919557945
Score: 986.1524126842156
max_value 255.9978439927847
Score: 986.1551942073035
max_value 319.99730499098087
Score: 986.1551942073035
max_value 163.82971935646356
Score: 986.1551942073035
max_value 255.9978439927847
Score: 986.1579757303912
max_value 204.79827519422778
Score: 986.1602009488613
max_value 255.9978439927847
Score: 986.1629824719491
max_value 499.996631238726
Score: 986.1614898261237
max_value 255.9978439927847
Score: 986.1614898261237
max_value 499.996631238726
Score: 986.1614898261237
max_value 255.9978439927847
Score: 986.1614898261237
max_value 204.79827519422778
Score: 986.1614898261237
max_value 255.9978439927847
Score: 986.1642713445262
max_value 319.99730499098087
Score: 986.1642713445262
max_value 319.99730499098087
Score: 986.1642713445262
max_value 399.99730499098087
Score: 986.164406095885
max_value 499.996631238726
Score: 986.1645745350836
max_value 163.82971935646356
Score: 986.1645745350836
max_value 255.9978439927847
Score: 986.1645745350836
max_value 319.99784399278474
Score: 986.1646823361707
max_value 255.9978439927847
Score: 986.1646823361707
max_value 255.9978439927847
Score: 986.1646823361707
max_value 319.99784399278474
Score: 986.1647901372578
max_value 163.83862015538224
Score: 986.1665703090355
max_value 163.83862015538224
Score: 986.1665703090355
max_value 499.99730499098087
Score: 986.1653761891494
max_value 204.79827519422778
Score: 986.167601400873
max_value 255.9978439927847
Score: 986.167601400873
max_value 204.79827519422778
Score: 986.167601400873
max_value 204.79827519422778
Score: 986.167601400873
max_value 399.99784399278474
Score: 986.1677092018149
max_value 204.79827519422778
Score: 986.1677092018149
max_value 204.79827519422778
Score: 986.1677092018149
max_value 319.9982751942278
Score: 986.1677954425681
max_value 204.79827519422778
Score: 986.1677954425681
max_value 399.99784399278474
Score: 986.1680379946874
max_value 255.9978439927847
Score: 986.1680379946874
max_value 255.9978439927847
Score: 986.1680379946874
max_value 204.79827519422778
Score: 986.1680379946874
Trained Q matrix:
[[  0.          51.19984477   0.           0.           0.
    0.           0.           0.           0.        ]
 [ 40.9576506    0.          63.99980596   0.           0.
   40.9576506    0.           0.           0.        ]
 [  0.          51.19984477   0.          80.           0.
    0.           0.          51.19984477   0.        ]
 [  0.           0.          63.99991376   0.           0.
    0.           0.           0.         100.        ]
 [  0.           0.           0.           0.           0.
   40.95987581   0.           0.           0.        ]
 [  0.          51.19984477   0.           0.          32.76612048
    0.          32.76790065   0.           0.        ]
 [  0.           0.           0.           0.           0.
   40.95987581   0.           0.           0.        ]
 [  0.           0.          64.           0.           0.
    0.           0.           0.           0.        ]
 [  0.           0.           0.          80.           0.
    0.           0.           0.          99.99986525]]
Most efficient path:
[0, 1, 2, 3, 8]
